# JRE version: Java(TM) SE Runtime Environment (8.0_25-b18) (build 1.8.0_25-b18)
# Java VM: Java HotSpot(TM) 64-Bit Server VM (25.25-b02 mixed mode windows-amd64 compressed oops)
Heap:
 PSYoungGen      total 311296K, used 297471K [0x00000000d8100000, 0x00000000ec080000, 0x0000000100000000)
  eden space 297472K, 99% used [0x00000000d8100000,0x00000000ea37ffc0,0x00000000ea380000)
  from space 13824K, 0% used [0x00000000eb300000,0x00000000eb300000,0x00000000ec080000)
  to   space 14848K, 0% used [0x00000000ea380000,0x00000000ea380000,0x00000000eb200000)
 ParOldGen       total 1309696K, used 1309234K [0x0000000088200000, 0x00000000d8100000, 0x00000000d8100000)
  object space 1309696K, 99% used [0x0000000088200000,0x00000000d808ca30,0x00000000d8100000)
 Metaspace       used 11929K, capacity 12148K, committed 12416K, reserved 1060864K
  class space    used 1234K, capacity 1301K, committed 1408K, reserved 1048576K
GC Heap History (10 events):
Event: 440.234 GC heap before
{Heap before GC invocations=818 (full 709):
 PSYoungGen      total 311296K, used 297471K [0x00000000d8100000, 0x00000000ec080000, 0x0000000100000000)
  eden space 297472K, 99% used [0x00000000d8100000,0x00000000ea37fff8,0x00000000ea380000)
  from space 13824K, 0% used [0x00000000eb300000,0x00000000eb300000,0x00000000ec080000)
  to   space 14848K, 0% used [0x00000000ea380000,0x00000000ea380000,0x00000000eb200000)
 ParOldGen       total 1309696K, used 1309250K [0x0000000088200000, 0x00000000d8100000, 0x00000000d8100000)
  object space 1309696K, 99% used [0x0000000088200000,0x00000000d8090a50,0x00000000d8100000)
 Metaspace       used 11929K, capacity 12148K, committed 12416K, reserved 1060864K
  class space    used 1234K, capacity 1301K, committed 1408K, reserved 1048576K
Event: 440.671 GC heap after
Heap after GC invocations=818 (full 709):
 PSYoungGen      total 311296K, used 297471K [0x00000000d8100000, 0x00000000ec080000, 0x0000000100000000)
  eden space 297472K, 99% used [0x00000000d8100000,0x00000000ea37fd88,0x00000000ea380000)
  from space 13824K, 0% used [0x00000000eb300000,0x00000000eb300000,0x00000000ec080000)
  to   space 14848K, 0% used [0x00000000ea380000,0x00000000ea380000,0x00000000eb200000)
 ParOldGen       total 1309696K, used 1309234K [0x0000000088200000, 0x00000000d8100000, 0x00000000d8100000)
  object space 1309696K, 99% used [0x0000000088200000,0x00000000d808cbc0,0x00000000d8100000)
 Metaspace       used 11929K, capacity 12148K, committed 12416K, reserved 1060864K
  class space    used 1234K, capacity 1301K, committed 1408K, reserved 1048576K
}
Event: 440.671 GC heap before
{Heap before GC invocations=819 (full 710):
 PSYoungGen      total 311296K, used 297472K [0x00000000d8100000, 0x00000000ec080000, 0x0000000100000000)
  eden space 297472K, 100% used [0x00000000d8100000,0x00000000ea380000,0x00000000ea380000)
  from space 13824K, 0% used [0x00000000eb300000,0x00000000eb300000,0x00000000ec080000)
  to   space 14848K, 0% used [0x00000000ea380000,0x00000000ea380000,0x00000000eb200000)
 ParOldGen       total 1309696K, used 1309234K [0x0000000088200000, 0x00000000d8100000, 0x00000000d8100000)
  object space 1309696K, 99% used [0x0000000088200000,0x00000000d808cbc0,0x00000000d8100000)
 Metaspace       used 11929K, capacity 12148K, committed 12416K, reserved 1060864K
  class space    used 1234K, capacity 1301K, committed 1408K, reserved 1048576K
Event: 441.114 GC heap after
Heap after GC invocations=819 (full 710):
 PSYoungGen      total 311296K, used 297471K [0x00000000d8100000, 0x00000000ec080000, 0x0000000100000000)
  eden space 297472K, 99% used [0x00000000d8100000,0x00000000ea37fd50,0x00000000ea380000)
  from space 13824K, 0% used [0x00000000eb300000,0x00000000eb300000,0x00000000ec080000)
  to   space 14848K, 0% used [0x00000000ea380000,0x00000000ea380000,0x00000000eb200000)
 ParOldGen       total 1309696K, used 1309234K [0x0000000088200000, 0x00000000d8100000, 0x00000000d8100000)
  object space 1309696K, 99% used [0x0000000088200000,0x00000000d808c998,0x00000000d8100000)
 Metaspace       used 11929K, capacity 12148K, committed 12416K, reserved 1060864K
  class space    used 1234K, capacity 1301K, committed 1408K, reserved 1048576K
}
Event: 441.115 GC heap before
{Heap before GC invocations=820 (full 711):
 PSYoungGen      total 311296K, used 297472K [0x00000000d8100000, 0x00000000ec080000, 0x0000000100000000)
  eden space 297472K, 100% used [0x00000000d8100000,0x00000000ea380000,0x00000000ea380000)
  from space 13824K, 0% used [0x00000000eb300000,0x00000000eb300000,0x00000000ec080000)
  to   space 14848K, 0% used [0x00000000ea380000,0x00000000ea380000,0x00000000eb200000)
 ParOldGen       total 1309696K, used 1309234K [0x0000000088200000, 0x00000000d8100000, 0x00000000d8100000)
  object space 1309696K, 99% used [0x0000000088200000,0x00000000d808c998,0x00000000d8100000)
 Metaspace       used 11929K, capacity 12148K, committed 12416K, reserved 1060864K
  class space    used 1234K, capacity 1301K, committed 1408K, reserved 1048576K
Event: 441.568 GC heap after
Heap after GC invocations=820 (full 711):
 PSYoungGen      total 311296K, used 297471K [0x00000000d8100000, 0x00000000ec080000, 0x0000000100000000)
  eden space 297472K, 99% used [0x00000000d8100000,0x00000000ea37fe68,0x00000000ea380000)
  from space 13824K, 0% used [0x00000000eb300000,0x00000000eb300000,0x00000000ec080000)
  to   space 14848K, 0% used [0x00000000ea380000,0x00000000ea380000,0x00000000eb200000)
 ParOldGen       total 1309696K, used 1309234K [0x0000000088200000, 0x00000000d8100000, 0x00000000d8100000)
  object space 1309696K, 99% used [0x0000000088200000,0x00000000d808c940,0x00000000d8100000)
 Metaspace       used 11929K, capacity 12148K, committed 12416K, reserved 1060864K
  class space    used 1234K, capacity 1301K, committed 1408K, reserved 1048576K
}
Event: 441.569 GC heap before
{Heap before GC invocations=821 (full 712):
 PSYoungGen      total 311296K, used 297472K [0x00000000d8100000, 0x00000000ec080000, 0x0000000100000000)
  eden space 297472K, 100% used [0x00000000d8100000,0x00000000ea380000,0x00000000ea380000)
  from space 13824K, 0% used [0x00000000eb300000,0x00000000eb300000,0x00000000ec080000)
  to   space 14848K, 0% used [0x00000000ea380000,0x00000000ea380000,0x00000000eb200000)
 ParOldGen       total 1309696K, used 1309234K [0x0000000088200000, 0x00000000d8100000, 0x00000000d8100000)
  object space 1309696K, 99% used [0x0000000088200000,0x00000000d808c940,0x00000000d8100000)
 Metaspace       used 11929K, capacity 12148K, committed 12416K, reserved 1060864K
  class space    used 1234K, capacity 1301K, committed 1408K, reserved 1048576K
Event: 442.010 GC heap after
Heap after GC invocations=821 (full 712):
 PSYoungGen      total 311296K, used 297471K [0x00000000d8100000, 0x00000000ec080000, 0x0000000100000000)
  eden space 297472K, 99% used [0x00000000d8100000,0x00000000ea37ffe0,0x00000000ea380000)
  from space 13824K, 0% used [0x00000000eb300000,0x00000000eb300000,0x00000000ec080000)
  to   space 14848K, 0% used [0x00000000ea380000,0x00000000ea380000,0x00000000eb200000)
 ParOldGen       total 1309696K, used 1309234K [0x0000000088200000, 0x00000000d8100000, 0x00000000d8100000)
  object space 1309696K, 99% used [0x0000000088200000,0x00000000d808c940,0x00000000d8100000)
 Metaspace       used 11929K, capacity 12148K, committed 12416K, reserved 1060864K
  class space    used 1234K, capacity 1301K, committed 1408K, reserved 1048576K
}
Event: 442.010 GC heap before
{Heap before GC invocations=822 (full 713):
 PSYoungGen      total 311296K, used 297472K [0x00000000d8100000, 0x00000000ec080000, 0x0000000100000000)
  eden space 297472K, 100% used [0x00000000d8100000,0x00000000ea380000,0x00000000ea380000)
  from space 13824K, 0% used [0x00000000eb300000,0x00000000eb300000,0x00000000ec080000)
  to   space 14848K, 0% used [0x00000000ea380000,0x00000000ea380000,0x00000000eb200000)
 ParOldGen       total 1309696K, used 1309234K [0x0000000088200000, 0x00000000d8100000, 0x00000000d8100000)
  object space 1309696K, 99% used [0x0000000088200000,0x00000000d808ca30,0x00000000d8100000)
 Metaspace       used 11929K, capacity 12148K, committed 12416K, reserved 1060864K
  class space    used 1234K, capacity 1301K, committed 1408K, reserved 1048576K
Event: 442.454 GC heap after
Heap after GC invocations=822 (full 713):
 PSYoungGen      total 311296K, used 297471K [0x00000000d8100000, 0x00000000ec080000, 0x0000000100000000)
  eden space 297472K, 99% used [0x00000000d8100000,0x00000000ea37ffc0,0x00000000ea380000)
  from space 13824K, 0% used [0x00000000eb300000,0x00000000eb300000,0x00000000ec080000)
  to   space 14848K, 0% used [0x00000000ea380000,0x00000000ea380000,0x00000000eb200000)
 ParOldGen       total 1309696K, used 1309234K [0x0000000088200000, 0x00000000d8100000, 0x00000000d8100000)
  object space 1309696K, 99% used [0x0000000088200000,0x00000000d808ca30,0x00000000d8100000)
 Metaspace       used 11929K, capacity 12148K, committed 12416K, reserved 1060864K
  class space    used 1234K, capacity 1301K, committed 1408K, reserved 1048576K
}

